<?xml version="1.0" encoding="UTF-8"?>
<!-- Generated by org.testng.reporters.JUnitReportReporter -->
<testsuite hostname="DESKTOP-TIC5DM4" failures="0" tests="3" name="com.example.tests.ResponsiveTest" time="28.485" errors="0" timestamp="2024-09-03T12:21:23 IST" skipped="0">
  <testcase classname="com.example.tests.ResponsiveTest" name="testResponsiveDesignMobile" time="8.876"/>
  <testcase classname="com.example.tests.ResponsiveTest" name="testResponsiveDesignTablet" time="12.437"/>
  <testcase classname="com.example.tests.ResponsiveTest" name="testResponsiveDesignDesktop" time="7.172"/>
</testsuite> <!-- com.example.tests.ResponsiveTest -->
