<?xml version="1.0" encoding="UTF-8"?>
<!-- Generated by org.testng.reporters.JUnitReportReporter -->
<testsuite hostname="DESKTOP-TIC5DM4" failures="0" tests="1" name="com.example.tests.HomePageTest" time="11.104" errors="0" timestamp="2024-09-03T13:26:37 IST" skipped="0">
  <testcase classname="com.example.tests.HomePageTest" name="verifyHomePage" time="11.104"/>
</testsuite> <!-- com.example.tests.HomePageTest -->
